<?xml version="1.0" encoding="UTF-8"?>
<!-- Generated by org.testng.reporters.JUnitXMLReporter -->
<testsuite ignored="7" hostname="Avinashn" failures="0" tests="0" time="0.274"
	errors="0" timestamp="2024-05-06T18:38:27 IST">
	<testcase classname="com.PRFTests.TestsPageSpecific.UserModuleTests"
		name="VerifyAddNewUserClickable" time="0.0">
		<ignored />
	</testcase> <!-- VerifyAddNewUserClickable -->
	<testcase classname="com.PRFTests.TestsPageSpecific.UserModuleTests"
		name="getUserDataFromExcelAndCreateUser" time="0.0">
		<ignored />
	</testcase> <!-- getUserDataFromExcelAndCreateUser -->
	<testcase classname="com.PRFTests.TestsPageSpecific.UserModuleTests"
		name="readExcelData" time="0.0">
		<ignored />
	</testcase> <!-- readExcelData -->
	<testcase classname="com.PRFTests.TestsPageSpecific.UserModuleTests"
		name="runTest" time="0.0">
		<ignored />
	</testcase> <!-- runTest -->
	<testcase classname="com.PRFTests.TestsPageSpecific.UserModuleTests"
		name="verifyCancelButtonOnAddnewUser" time="0.0">
		<ignored />
	</testcase> <!-- verifyCancelButtonOnAddnewUser -->
	<testcase classname="com.PRFTests.TestsPageSpecific.UserModuleTests"
		name="testConfirmationMsg" time="0.0">
		<ignored />
	</testcase> <!-- testConfirmationMsg -->
	<testcase classname="com.PRFTests.TestsPageSpecific.UserModuleTests"
		name="testUsersAssignedToClient" time="0.0">
		<ignored />
	</testcase> <!-- testUsersAssignedToClient -->
</testsuite>
