<?xml version="1.0" encoding="UTF-8"?>
<!-- Generated by org.testng.reporters.JUnitXMLReporter -->
<testsuite ignored="10" hostname="Avinashn" failures="1" tests="2" name="Test" time="298.33" errors="0" timestamp="2025-05-13T22:34:26 IST">
  <testcase classname="com.GrowthTrackerTests.TestsPageSpecific.GrowthTrackerFormTests" name="verifyAddLocalPitch" time="88.448">
    <skipped/>
  </testcase> <!-- verifyAddLocalPitch -->
  <testcase classname="com.GrowthTrackerTests.TestsPageSpecific.GrowthTrackerFormTests" name="verifyAddLocalPitch" time="194.979">
    <failure type="java.lang.NullPointerException" message="Cannot invoke &amp;quot;String.split(String)&amp;quot; because &amp;quot;expectedTooltips&amp;quot; is null">
      <![CDATA[java.lang.NullPointerException: Cannot invoke "String.split(String)" because "expectedTooltips" is null
at com.GrowthTrackerTests.TestsPageSpecific.GrowthTrackerFormTests.verifyAddLocalPitch(GrowthTrackerFormTests.java:2176)
at java.base/java.util.ArrayList.forEach(ArrayList.java:1511)
... Removed 31 stack frames]]>
    </failure>
  </testcase> <!-- verifyAddLocalPitch -->
  <testcase classname="com.GrowthTrackerTests.TestsPageSpecific.GrowthTrackerFormTests" name="verifyCorrectHeaderDisplayedForModalDialogBoxesForPitch" time="0.0">
    <ignored/>
  </testcase> <!-- verifyCorrectHeaderDisplayedForModalDialogBoxesForPitch -->
  <testcase classname="com.GrowthTrackerTests.TestsPageSpecific.GrowthTrackerFormTests" name="verifyTooltipTextOnCLProspectPage" time="0.0">
    <ignored/>
  </testcase> <!-- verifyTooltipTextOnCLProspectPage -->
  <testcase classname="com.GrowthTrackerTests.TestsPageSpecific.GrowthTrackerFormTests" name="descriptionDifferentOpportunityTypes" time="0.0">
    <ignored/>
  </testcase> <!-- descriptionDifferentOpportunityTypes -->
  <testcase classname="com.GrowthTrackerTests.TestsPageSpecific.GrowthTrackerFormTests" name="verifyTooltipTextOnProspectPage" time="0.0">
    <ignored/>
  </testcase> <!-- verifyTooltipTextOnProspectPage -->
  <testcase classname="com.GrowthTrackerTests.TestsPageSpecific.GrowthTrackerFormTests" name="verifyAddLocalPitch123" time="0.0">
    <ignored/>
  </testcase> <!-- verifyAddLocalPitch123 -->
  <testcase classname="com.GrowthTrackerTests.TestsPageSpecific.GrowthTrackerFormTests" name="verifyCorrectHeaderDisplayedForModalDialogBoxes" time="0.0">
    <ignored/>
  </testcase> <!-- verifyCorrectHeaderDisplayedForModalDialogBoxes -->
  <testcase classname="com.GrowthTrackerTests.TestsPageSpecific.GrowthTrackerFormTests" name="verifyLevelOfOpportunityAfterSelectingOpportunity" time="0.0">
    <ignored/>
  </testcase> <!-- verifyLevelOfOpportunityAfterSelectingOpportunity -->
  <testcase classname="com.GrowthTrackerTests.TestsPageSpecific.GrowthTrackerFormTests" name="verifyCancelButtonFunctionality" time="0.0">
    <ignored/>
  </testcase> <!-- verifyCancelButtonFunctionality -->
  <testcase classname="com.GrowthTrackerTests.TestsPageSpecific.GrowthTrackerFormTests" name="verifyCorrectHeaderDisplayedForModalDialogBoxesForWonWithoutPitch" time="0.0">
    <ignored/>
  </testcase> <!-- verifyCorrectHeaderDisplayedForModalDialogBoxesForWonWithoutPitch -->
  <testcase classname="com.GrowthTrackerTests.TestsPageSpecific.GrowthTrackerFormTests" name="verifyRadioButtonAsPerOpportunity" time="0.0">
    <ignored/>
  </testcase> <!-- verifyRadioButtonAsPerOpportunity -->
</testsuite> <!-- Test -->
