<?xml version="1.0" encoding="UTF-8"?>
<testsuite xmlns:xsi="http://www.w3.org/2001/XMLSchema-instance" xsi:noNamespaceSchemaLocation="https://maven.apache.org/surefire/maven-surefire-plugin/xsd/surefire-test-report.xsd" name="TestSuite" time="299.315" tests="2" errors="0" skipped="1" failures="1">
  <properties>
[...]
</properties>
  <testcase name="verifyAddLocalPitch" classname="com.GrowthTrackerTests.TestsPageSpecific.GrowthTrackerFormTests" time="0">
    <skipped message="no such element: Unable to locate element: {&quot;method&quot;:&quot;xpath&quot;,&quot;selector&quot;:&quot;//div[starts-with(text(),&apos;Mars&apos;) and not(contains(text(),&apos;PLC&apos;))]&quot;}&#10;  (Session info: MicrosoftEdge=136.0.3240.64)&#10;For documentation on this error, please visit: https://selenium.dev/exceptions/#no_such_element&#10;Build info: version: &apos;4.9.0&apos;, revision: &apos;d7057100a6&apos;&#10;System info: os.name: &apos;Windows 10&apos;, os.arch: &apos;amd64&apos;, os.version: &apos;10.0&apos;, java.version: &apos;17.0.10&apos;&#10;Driver info: org.openqa.selenium.edge.EdgeDriver&#10;Command: [c4f9428a94e6d3916da84762c9415644, findElement {using=xpath, value=//div[starts-with(text(),&apos;Mars&apos;) and not(contains(text(),&apos;PLC&apos;))]}]&#10;Capabilities {acceptInsecureCerts: true, browserName: MicrosoftEdge, browserVersion: 136.0.3240.64, fedcm:accounts: true, ms:edgeOptions: {debuggerAddress: localhost:56680}, msedge: {msedgedriverVersion: 136.0.3240.64 (e3a39d3fa3c6..., userDataDir: C:\Users\avinashn\AppData\L...}, networkConnectionEnabled: false, pageLoadStrategy: normal, platformName: WINDOWS, proxy: Proxy(), se:cdp: ws://localhost:56680/devtoo..., se:cdpVersion: 136.0.3240.64, setWindowRect: true, strictFileInteractability: false, timeouts: {implicit: 0, pageLoad: 300000, script: 30000}, unhandledPromptBehavior: dismiss and notify, webauthn:extension:credBlob: true, webauthn:extension:largeBlob: true, webauthn:extension:minPinLength: true, webauthn:extension:prf: true, webauthn:virtualAuthenticators: true}&#10;Session ID: c4f9428a94e6d3916da84762c9415644"/>
    <system-out><![CDATA[D:\PRF Global project\GrowthTracker Automation\GrowthTrackerAutomation\GrowthTrackerTests
D:\PRF Global project\GrowthTracker Automation\GrowthTrackerAutomation\GrowthTrackerTests
D:\PRF Global project\GrowthTracker Automation\GrowthTrackerAutomation\GrowthTrackerTests\allure-results
File deleted successfully
File deleted successfully
File deleted successfully
File deleted successfully
File deleted successfully
File deleted successfully
File deleted successfully
File deleted successfully
File deleted successfully
File deleted successfully
File deleted successfully
File deleted successfully
File deleted successfully
File deleted successfully
Allure Report Folder deleted successfully
onStart method started - 
Method started - verifyAddLocalPitch
D:\PRF Global project\GrowthTracker Automation\GrowthTrackerAutomation\GrowthTrackerTests
SELECT * FROM SpecificUsers WHERE Role='Master Agency Admin'
Size: 1
Next Button Exception
SELECT * FROM AddLocalPitch WHERE Test_Scenario_Name='Verify Add Local Pitch is working as expected'
Size total rows fetched from XL: 1
Trace Message is --- [Ljava.lang.StackTraceElement;@9690008
Local Message is --- no such element: Unable to locate element: {"method":"xpath","selector":"//div[starts-with(text(),'Mars') and not(contains(text(),'PLC'))]"}
  (Session info: MicrosoftEdge=136.0.3240.64)
For documentation on this error, please visit: https://selenium.dev/exceptions/#no_such_element
Build info: version: '4.9.0', revision: 'd7057100a6'
System info: os.name: 'Windows 10', os.arch: 'amd64', os.version: '10.0', java.version: '17.0.10'
Driver info: org.openqa.selenium.edge.EdgeDriver
Command: [c4f9428a94e6d3916da84762c9415644, findElement {using=xpath, value=//div[starts-with(text(),'Mars') and not(contains(text(),'PLC'))]}]
Capabilities {acceptInsecureCerts: true, browserName: MicrosoftEdge, browserVersion: 136.0.3240.64, fedcm:accounts: true, ms:edgeOptions: {debuggerAddress: localhost:56680}, msedge: {msedgedriverVersion: 136.0.3240.64 (e3a39d3fa3c6..., userDataDir: C:\Users\avinashn\AppData\L...}, networkConnectionEnabled: false, pageLoadStrategy: normal, platformName: WINDOWS, proxy: Proxy(), se:cdp: ws://localhost:56680/devtoo..., se:cdpVersion: 136.0.3240.64, setWindowRect: true, strictFileInteractability: false, timeouts: {implicit: 0, pageLoad: 300000, script: 30000}, unhandledPromptBehavior: dismiss and notify, webauthn:extension:credBlob: true, webauthn:extension:largeBlob: true, webauthn:extension:minPinLength: true, webauthn:extension:prf: true, webauthn:virtualAuthenticators: true}
Session ID: c4f9428a94e6d3916da84762c9415644
Message is --- no such element: Unable to locate element: {"method":"xpath","selector":"//div[starts-with(text(),'Mars') and not(contains(text(),'PLC'))]"}
  (Session info: MicrosoftEdge=136.0.3240.64)
For documentation on this error, please visit: https://selenium.dev/exceptions/#no_such_element
Build info: version: '4.9.0', revision: 'd7057100a6'
System info: os.name: 'Windows 10', os.arch: 'amd64', os.version: '10.0', java.version: '17.0.10'
Driver info: org.openqa.selenium.edge.EdgeDriver
Command: [c4f9428a94e6d3916da84762c9415644, findElement {using=xpath, value=//div[starts-with(text(),'Mars') and not(contains(text(),'PLC'))]}]
Capabilities {acceptInsecureCerts: true, browserName: MicrosoftEdge, browserVersion: 136.0.3240.64, fedcm:accounts: true, ms:edgeOptions: {debuggerAddress: localhost:56680}, msedge: {msedgedriverVersion: 136.0.3240.64 (e3a39d3fa3c6..., userDataDir: C:\Users\avinashn\AppData\L...}, networkConnectionEnabled: false, pageLoadStrategy: normal, platformName: WINDOWS, proxy: Proxy(), se:cdp: ws://localhost:56680/devtoo..., se:cdpVersion: 136.0.3240.64, setWindowRect: true, strictFileInteractability: false, timeouts: {implicit: 0, pageLoad: 300000, script: 30000}, unhandledPromptBehavior: dismiss and notify, webauthn:extension:credBlob: true, webauthn:extension:largeBlob: true, webauthn:extension:minPinLength: true, webauthn:extension:prf: true, webauthn:virtualAuthenticators: true}
Session ID: c4f9428a94e6d3916da84762c9415644
Method skipped - verifyAddLocalPitch
]]></system-out>
    <system-err><![CDATA[SLF4J(W): No SLF4J providers were found.
SLF4J(W): Defaulting to no-operation (NOP) logger implementation
SLF4J(W): See https://www.slf4j.org/codes.html#noProviders for further details.
SLF4J(W): Class path contains SLF4J bindings targeting slf4j-api versions 1.7.x or earlier.
SLF4J(W): Ignoring binding found at [jar:file:/C:/Users/avinashn/.m2/repository/org/apache/logging/log4j/log4j-slf4j-impl/2.17.2/log4j-slf4j-impl-2.17.2.jar!/org/slf4j/impl/StaticLoggerBinder.class]
SLF4J(W): See https://www.slf4j.org/codes.html#ignoredBindings for an explanation.
ERROR StatusLogger Log4j2 could not find a logging implementation. Please add log4j-core to the classpath. Using SimpleLogger to log to the console...
Starting Microsoft Edge WebDriver 136.0.3240.64 (e3a39d3fa3c676e37c63636a4f502cdb15384392) on port 48586
To submit feedback, report a bug, or suggest new features, please visit https://github.com/MicrosoftEdge/EdgeWebDriver

Only local connections are allowed.
Please see https://aka.ms/WebDriverSecurity for suggestions on keeping Microsoft Edge WebDriver safe.

msedgedriver was started successfully on port 48586.
May 13, 2025 10:29:33 PM org.openqa.selenium.devtools.CdpVersionFinder findNearestMatch
WARNING: Unable to find CDP implementation matching 136
May 13, 2025 10:29:33 PM org.openqa.selenium.chromium.ChromiumDriver lambda$new$3
WARNING: Unable to find version of CDP to use for . You may need to include a dependency on a specific version of the CDP using something similar to `org.seleniumhq.selenium:selenium-devtools-v86:4.9.0` where the version ("v86") matches the version of the chromium-based browser you're using and the version number of the artifact is the same as Selenium's.
]]></system-err>
  </testcase>
  <testcase name="verifyAddLocalPitch" classname="com.GrowthTrackerTests.TestsPageSpecific.GrowthTrackerFormTests" time="195.97">
    <failure message="Cannot invoke &quot;String.split(String)&quot; because &quot;expectedTooltips&quot; is null" type="java.lang.NullPointerException">java.lang.NullPointerException: Cannot invoke "String.split(String)" because "expectedTooltips" is null
	at com.GrowthTrackerTests.TestsPageSpecific.GrowthTrackerFormTests.verifyAddLocalPitch(GrowthTrackerFormTests.java:2176)
</failure>
    <system-out><![CDATA[Method started - verifyAddLocalPitch
D:\PRF Global project\GrowthTracker Automation\GrowthTrackerAutomation\GrowthTrackerTests
SELECT * FROM SpecificUsers WHERE Role='Master Agency Admin'
Size: 1
Next Button Exception
SELECT * FROM AddLocalPitch WHERE Test_Scenario_Name='Verify Add Local Pitch is working as expected'
Size total rows fetched from XL: 1
VZ9YHT
TSTQAVZ9YHT
Size - 13
Size - 19
true
Column values text: 
Column values text: 
Column values text:Mars
Column values text:Mars
Column values text:Chemistry
Column values text:Mindshare
Column values text:TSTQAVZ9YHT
Column values text:TSTQAVZ9YHT
Column values text:APAC
Column values text:India
Column values text:Local
Column values text:New Business
Column values text:10,000
Column values text:$233
Column values text:
Column values text:500
Column values text:$12
Column values text:
Trace Message is --- [Ljava.lang.StackTraceElement;@7ebaf0d
Local Message is --- Cannot invoke "String.split(String)" because "expectedTooltips" is null
Message is --- Cannot invoke "String.split(String)" because "expectedTooltips" is null
Method failed - verifyAddLocalPitch
entering Screenshot method
Screenshot method
Screenshot taken
]]></system-out>
    <system-err><![CDATA[Starting Microsoft Edge WebDriver 136.0.3240.64 (e3a39d3fa3c676e37c63636a4f502cdb15384392) on port 17692
To submit feedback, report a bug, or suggest new features, please visit https://github.com/MicrosoftEdge/EdgeWebDriver

Only local connections are allowed.
Please see https://aka.ms/WebDriverSecurity for suggestions on keeping Microsoft Edge WebDriver safe.

msedgedriver was started successfully on port 17692.
May 13, 2025 10:31:08 PM org.openqa.selenium.devtools.CdpVersionFinder findNearestMatch
WARNING: Unable to find CDP implementation matching 136
May 13, 2025 10:31:08 PM org.openqa.selenium.chromium.ChromiumDriver lambda$new$3
WARNING: Unable to find version of CDP to use for . You may need to include a dependency on a specific version of the CDP using something similar to `org.seleniumhq.selenium:selenium-devtools-v86:4.9.0` where the version ("v86") matches the version of the chromium-based browser you're using and the version number of the artifact is the same as Selenium's.
[1747155669.757][SEVERE]: handshake failed; returned -1, SSL error code 1, net_error -100
[1747155670.010][SEVERE]: handshake failed; returned -1, SSL error code 1, net_error -100
[1747155670.042][SEVERE]: handshake failed; returned -1, SSL error code 1, net_error -100
[1747155670.293][SEVERE]: handshake failed; returned -1, SSL error code 1, net_error -100
[1747155674.956][SEVERE]: handshake failed; returned -1, SSL error code 1, net_error -100
[1747155675.216][SEVERE]: handshake failed; returned -1, SSL error code 1, net_error -100
]]></system-err>
  </testcase>
</testsuite>